[
  {
    "Plan": {
      "Node Type": "Nested Loop",
      "Parallel Aware": false,
      "Join Type": "Inner",
      "Startup Cost": 114.98,
      "Total Cost": 472647.55,
      "Plan Rows": 10000,
      "Plan Width": 67,
      "Actual Startup Time": 1658.053,
      "Actual Total Time": 3119.990,
      "Actual Rows": 10000,
      "Actual Loops": 1,
      "Output": ["tav.\"nroAvion\"", "tav.\"dniTrabajador\"", "tav.\"fechaInicioReparacion\"", "tav.\"fechaFinReparacion\"", "falla.descripcion"],
      "Shared Hit Blocks": 60431,
      "Shared Read Blocks": 131116,
      "Shared Dirtied Blocks": 0,
      "Shared Written Blocks": 0,
      "Local Hit Blocks": 0,
      "Local Read Blocks": 0,
      "Local Dirtied Blocks": 0,
      "Local Written Blocks": 0,
      "Temp Read Blocks": 0,
      "Temp Written Blocks": 0,
      "Plans": [
        {
          "Node Type": "Nested Loop",
          "Parent Relationship": "Outer",
          "Parallel Aware": false,
          "Join Type": "Inner",
          "Startup Cost": 114.84,
          "Total Cost": 470897.54,
          "Plan Rows": 10000,
          "Plan Width": 20,
          "Actual Startup Time": 1658.048,
          "Actual Total Time": 3110.771,
          "Actual Rows": 10000,
          "Actual Loops": 1,
          "Output": ["tav.\"nroAvion\"", "tav.\"dniTrabajador\"", "tav.\"fechaInicioReparacion\"", "tav.\"fechaFinReparacion\"", "tav.\"tipoFallaReparada\""],
          "Shared Hit Blocks": 40431,
          "Shared Read Blocks": 131116,
          "Shared Dirtied Blocks": 0,
          "Shared Written Blocks": 0,
          "Local Hit Blocks": 0,
          "Local Read Blocks": 0,
          "Local Dirtied Blocks": 0,
          "Local Written Blocks": 0,
          "Temp Read Blocks": 0,
          "Temp Written Blocks": 0,
          "Plans": [
            {
              "Node Type": "Hash Join",
              "Parent Relationship": "Outer",
              "Parallel Aware": false,
              "Join Type": "Inner",
              "Startup Cost": 114.40,
              "Total Cost": 465882.98,
              "Plan Rows": 10000,
              "Plan Width": 4,
              "Actual Startup Time": 1658.027,
              "Actual Total Time": 3096.591,
              "Actual Rows": 10000,
              "Actual Loops": 1,
              "Output": ["avion.\"nroAvion\""],
              "Hash Cond": "(avion.\"tipoModelo\" = ma.\"tipoModelo\")",
              "Shared Hit Blocks": 377,
              "Shared Read Blocks": 131116,
              "Shared Dirtied Blocks": 0,
              "Shared Written Blocks": 0,
              "Local Hit Blocks": 0,
              "Local Read Blocks": 0,
              "Local Dirtied Blocks": 0,
              "Local Written Blocks": 0,
              "Temp Read Blocks": 0,
              "Temp Written Blocks": 0,
              "Plans": [
                {
                  "Node Type": "Seq Scan",
                  "Parent Relationship": "Outer",
                  "Parallel Aware": false,
                  "Relation Name": "avion",
                  "Schema": "public",
                  "Alias": "avion",
                  "Startup Cost": 0.00,
                  "Total Cost": 374506.06,
                  "Plan Rows": 24310006,
                  "Plan Width": 8,
                  "Actual Startup Time": 0.032,
                  "Actual Total Time": 1550.516,
                  "Actual Rows": 24310006,
                  "Actual Loops": 1,
                  "Output": ["avion.\"nroAvion\"", "avion.\"tipoModelo\"", "avion.\"a√±o\"", "avion.\"horasVuelo\""],
                  "Shared Hit Blocks": 290,
                  "Shared Read Blocks": 131116,
                  "Shared Dirtied Blocks": 0,
                  "Shared Written Blocks": 0,
                  "Local Hit Blocks": 0,
                  "Local Read Blocks": 0,
                  "Local Dirtied Blocks": 0,
                  "Local Written Blocks": 0,
                  "Temp Read Blocks": 0,
                  "Temp Written Blocks": 0
                },
                {
                  "Node Type": "Hash",
                  "Parent Relationship": "Inner",
                  "Parallel Aware": false,
                  "Startup Cost": 114.39,
                  "Total Cost": 114.39,
                  "Plan Rows": 1,
                  "Plan Width": 4,
                  "Actual Startup Time": 1.110,
                  "Actual Total Time": 1.110,
                  "Actual Rows": 1,
                  "Actual Loops": 1,
                  "Output": ["ma.\"tipoModelo\""],
                  "Hash Buckets": 1024,
                  "Original Hash Buckets": 1024,
                  "Hash Batches": 1,
                  "Original Hash Batches": 1,
                  "Peak Memory Usage": 9,
                  "Shared Hit Blocks": 84,
                  "Shared Read Blocks": 0,
                  "Shared Dirtied Blocks": 0,
                  "Shared Written Blocks": 0,
                  "Local Hit Blocks": 0,
                  "Local Read Blocks": 0,
                  "Local Dirtied Blocks": 0,
                  "Local Written Blocks": 0,
                  "Temp Read Blocks": 0,
                  "Temp Written Blocks": 0,
                  "Plans": [
                    {
                      "Node Type": "Seq Scan",
                      "Parent Relationship": "Outer",
                      "Parallel Aware": false,
                      "Relation Name": "modeloAvion",
                      "Schema": "public",
                      "Alias": "ma",
                      "Startup Cost": 0.00,
                      "Total Cost": 114.39,
                      "Plan Rows": 1,
                      "Plan Width": 4,
                      "Actual Startup Time": 0.601,
                      "Actual Total Time": 1.091,
                      "Actual Rows": 1,
                      "Actual Loops": 1,
                      "Output": ["ma.\"tipoModelo\""],
                      "Filter": "(ma.capacidad = 1388)",
                      "Rows Removed by Filter": 2430,
                      "Shared Hit Blocks": 84,
                      "Shared Read Blocks": 0,
                      "Shared Dirtied Blocks": 0,
                      "Shared Written Blocks": 0,
                      "Local Hit Blocks": 0,
                      "Local Read Blocks": 0,
                      "Local Dirtied Blocks": 0,
                      "Local Written Blocks": 0,
                      "Temp Read Blocks": 0,
                      "Temp Written Blocks": 0
                    }
                  ]
                }
              ]
            },
            {
              "Node Type": "Index Scan",
              "Parent Relationship": "Inner",
              "Parallel Aware": false,
              "Scan Direction": "Forward",
              "Index Name": "\"reparacionesAvion\"",
              "Relation Name": "trabajadorReparacion",
              "Schema": "public",
              "Alias": "tav",
              "Startup Cost": 0.44,
              "Total Cost": 0.49,
              "Plan Rows": 1,
              "Plan Width": 20,
              "Actual Startup Time": 0.001,
              "Actual Total Time": 0.001,
              "Actual Rows": 1,
              "Actual Loops": 10000,
              "Output": ["tav.\"dniTrabajador\"", "tav.\"nroAvion\"", "tav.\"fechaInicioReparacion\"", "tav.\"fechaFinReparacion\"", "tav.\"tipoFallaReparada\""],
              "Index Cond": "(tav.\"nroAvion\" = avion.\"nroAvion\")",
              "Rows Removed by Index Recheck": 0,
              "Shared Hit Blocks": 40054,
              "Shared Read Blocks": 0,
              "Shared Dirtied Blocks": 0,
              "Shared Written Blocks": 0,
              "Local Hit Blocks": 0,
              "Local Read Blocks": 0,
              "Local Dirtied Blocks": 0,
              "Local Written Blocks": 0,
              "Temp Read Blocks": 0,
              "Temp Written Blocks": 0
            }
          ]
        },
        {
          "Node Type": "Index Scan",
          "Parent Relationship": "Inner",
          "Parallel Aware": false,
          "Scan Direction": "Forward",
          "Index Name": "\"pkFalla\"",
          "Relation Name": "falla",
          "Schema": "public",
          "Alias": "falla",
          "Startup Cost": 0.15,
          "Total Cost": 0.17,
          "Plan Rows": 1,
          "Plan Width": 55,
          "Actual Startup Time": 0.001,
          "Actual Total Time": 0.001,
          "Actual Rows": 1,
          "Actual Loops": 10000,
          "Output": ["falla.\"tipoFalla\"", "falla.descripcion"],
          "Index Cond": "(falla.\"tipoFalla\" = tav.\"tipoFallaReparada\")",
          "Rows Removed by Index Recheck": 0,
          "Shared Hit Blocks": 20000,
          "Shared Read Blocks": 0,
          "Shared Dirtied Blocks": 0,
          "Shared Written Blocks": 0,
          "Local Hit Blocks": 0,
          "Local Read Blocks": 0,
          "Local Dirtied Blocks": 0,
          "Local Written Blocks": 0,
          "Temp Read Blocks": 0,
          "Temp Written Blocks": 0
        }
      ]
    },
    "Planning Time": 3.025,
    "Triggers": [
    ],
    "Execution Time": 3120.621
  }
]
