[
  {
    "Plan": {
      "Node Type": "Hash Join",
      "Parallel Aware": false,
      "Join Type": "Inner",
      "Startup Cost": 10.22,
      "Total Cost": 12494.32,
      "Plan Rows": 10000,
      "Plan Width": 67,
      "Actual Startup Time": 0.313,
      "Actual Total Time": 30.634,
      "Actual Rows": 10000,
      "Actual Loops": 1,
      "Output": ["tav.\"nroAvion\"", "tav.\"dniTrabajador\"", "tav.\"fechaInicioReparacion\"", "tav.\"fechaFinReparacion\"", "falla.descripcion"],
      "Hash Cond": "(tav.\"tipoFallaReparada\" = falla.\"tipoFalla\")",
      "Shared Hit Blocks": 40230,
      "Shared Read Blocks": 0,
      "Shared Dirtied Blocks": 0,
      "Shared Written Blocks": 0,
      "Local Hit Blocks": 0,
      "Local Read Blocks": 0,
      "Local Dirtied Blocks": 0,
      "Local Written Blocks": 0,
      "Temp Read Blocks": 0,
      "Temp Written Blocks": 0,
      "Plans": [
        {
          "Node Type": "Nested Loop",
          "Parent Relationship": "Outer",
          "Parallel Aware": false,
          "Join Type": "Inner",
          "Startup Cost": 0.88,
          "Total Cost": 12347.47,
          "Plan Rows": 10000,
          "Plan Width": 20,
          "Actual Startup Time": 0.199,
          "Actual Total Time": 27.103,
          "Actual Rows": 10000,
          "Actual Loops": 1,
          "Output": ["tav.\"nroAvion\"", "tav.\"dniTrabajador\"", "tav.\"fechaInicioReparacion\"", "tav.\"fechaFinReparacion\"", "tav.\"tipoFallaReparada\""],
          "Shared Hit Blocks": 40224,
          "Shared Read Blocks": 0,
          "Shared Dirtied Blocks": 0,
          "Shared Written Blocks": 0,
          "Local Hit Blocks": 0,
          "Local Read Blocks": 0,
          "Local Dirtied Blocks": 0,
          "Local Written Blocks": 0,
          "Temp Read Blocks": 0,
          "Temp Written Blocks": 0,
          "Plans": [
            {
              "Node Type": "Nested Loop",
              "Parent Relationship": "Outer",
              "Parallel Aware": false,
              "Join Type": "Inner",
              "Startup Cost": 0.44,
              "Total Cost": 7332.91,
              "Plan Rows": 10000,
              "Plan Width": 4,
              "Actual Startup Time": 0.188,
              "Actual Total Time": 3.900,
              "Actual Rows": 10000,
              "Actual Loops": 1,
              "Output": ["avion.\"nroAvion\""],
              "Shared Hit Blocks": 170,
              "Shared Read Blocks": 0,
              "Shared Dirtied Blocks": 0,
              "Shared Written Blocks": 0,
              "Local Hit Blocks": 0,
              "Local Read Blocks": 0,
              "Local Dirtied Blocks": 0,
              "Local Written Blocks": 0,
              "Temp Read Blocks": 0,
              "Temp Written Blocks": 0,
              "Plans": [
                {
                  "Node Type": "Seq Scan",
                  "Parent Relationship": "Outer",
                  "Parallel Aware": false,
                  "Relation Name": "modeloAvion",
                  "Schema": "public",
                  "Alias": "ma",
                  "Startup Cost": 0.00,
                  "Total Cost": 114.39,
                  "Plan Rows": 1,
                  "Plan Width": 4,
                  "Actual Startup Time": 0.177,
                  "Actual Total Time": 0.270,
                  "Actual Rows": 1,
                  "Actual Loops": 1,
                  "Output": ["ma.\"tipoModelo\"", "ma.descripcion", "ma.capacidad"],
                  "Filter": "(ma.capacidad = 1388)",
                  "Rows Removed by Filter": 2430,
                  "Shared Hit Blocks": 84,
                  "Shared Read Blocks": 0,
                  "Shared Dirtied Blocks": 0,
                  "Shared Written Blocks": 0,
                  "Local Hit Blocks": 0,
                  "Local Read Blocks": 0,
                  "Local Dirtied Blocks": 0,
                  "Local Written Blocks": 0,
                  "Temp Read Blocks": 0,
                  "Temp Written Blocks": 0
                },
                {
                  "Node Type": "Index Scan",
                  "Parent Relationship": "Inner",
                  "Parallel Aware": false,
                  "Scan Direction": "Forward",
                  "Index Name": "\"avionesModelo\"",
                  "Relation Name": "avion",
                  "Schema": "public",
                  "Alias": "avion",
                  "Startup Cost": 0.44,
                  "Total Cost": 7118.52,
                  "Plan Rows": 10000,
                  "Plan Width": 8,
                  "Actual Startup Time": 0.008,
                  "Actual Total Time": 2.101,
                  "Actual Rows": 10000,
                  "Actual Loops": 1,
                  "Output": ["avion.\"nroAvion\"", "avion.\"tipoModelo\"", "avion.\"a√±o\"", "avion.\"horasVuelo\""],
                  "Index Cond": "(avion.\"tipoModelo\" = ma.\"tipoModelo\")",
                  "Rows Removed by Index Recheck": 0,
                  "Shared Hit Blocks": 86,
                  "Shared Read Blocks": 0,
                  "Shared Dirtied Blocks": 0,
                  "Shared Written Blocks": 0,
                  "Local Hit Blocks": 0,
                  "Local Read Blocks": 0,
                  "Local Dirtied Blocks": 0,
                  "Local Written Blocks": 0,
                  "Temp Read Blocks": 0,
                  "Temp Written Blocks": 0
                }
              ]
            },
            {
              "Node Type": "Index Scan",
              "Parent Relationship": "Inner",
              "Parallel Aware": false,
              "Scan Direction": "Forward",
              "Index Name": "\"reparacionesAvion\"",
              "Relation Name": "trabajadorReparacion",
              "Schema": "public",
              "Alias": "tav",
              "Startup Cost": 0.44,
              "Total Cost": 0.49,
              "Plan Rows": 1,
              "Plan Width": 20,
              "Actual Startup Time": 0.002,
              "Actual Total Time": 0.002,
              "Actual Rows": 1,
              "Actual Loops": 10000,
              "Output": ["tav.\"dniTrabajador\"", "tav.\"nroAvion\"", "tav.\"fechaInicioReparacion\"", "tav.\"fechaFinReparacion\"", "tav.\"tipoFallaReparada\""],
              "Index Cond": "(tav.\"nroAvion\" = avion.\"nroAvion\")",
              "Rows Removed by Index Recheck": 0,
              "Shared Hit Blocks": 40054,
              "Shared Read Blocks": 0,
              "Shared Dirtied Blocks": 0,
              "Shared Written Blocks": 0,
              "Local Hit Blocks": 0,
              "Local Read Blocks": 0,
              "Local Dirtied Blocks": 0,
              "Local Written Blocks": 0,
              "Temp Read Blocks": 0,
              "Temp Written Blocks": 0
            }
          ]
        },
        {
          "Node Type": "Hash",
          "Parent Relationship": "Inner",
          "Parallel Aware": false,
          "Startup Cost": 5.82,
          "Total Cost": 5.82,
          "Plan Rows": 282,
          "Plan Width": 55,
          "Actual Startup Time": 0.095,
          "Actual Total Time": 0.095,
          "Actual Rows": 282,
          "Actual Loops": 1,
          "Output": ["falla.descripcion", "falla.\"tipoFalla\""],
          "Hash Buckets": 1024,
          "Original Hash Buckets": 1024,
          "Hash Batches": 1,
          "Original Hash Batches": 1,
          "Peak Memory Usage": 33,
          "Shared Hit Blocks": 3,
          "Shared Read Blocks": 0,
          "Shared Dirtied Blocks": 0,
          "Shared Written Blocks": 0,
          "Local Hit Blocks": 0,
          "Local Read Blocks": 0,
          "Local Dirtied Blocks": 0,
          "Local Written Blocks": 0,
          "Temp Read Blocks": 0,
          "Temp Written Blocks": 0,
          "Plans": [
            {
              "Node Type": "Seq Scan",
              "Parent Relationship": "Outer",
              "Parallel Aware": false,
              "Relation Name": "falla",
              "Schema": "public",
              "Alias": "falla",
              "Startup Cost": 0.00,
              "Total Cost": 5.82,
              "Plan Rows": 282,
              "Plan Width": 55,
              "Actual Startup Time": 0.004,
              "Actual Total Time": 0.036,
              "Actual Rows": 282,
              "Actual Loops": 1,
              "Output": ["falla.descripcion", "falla.\"tipoFalla\""],
              "Shared Hit Blocks": 3,
              "Shared Read Blocks": 0,
              "Shared Dirtied Blocks": 0,
              "Shared Written Blocks": 0,
              "Local Hit Blocks": 0,
              "Local Read Blocks": 0,
              "Local Dirtied Blocks": 0,
              "Local Written Blocks": 0,
              "Temp Read Blocks": 0,
              "Temp Written Blocks": 0
            }
          ]
        }
      ]
    },
    "Planning Time": 0.927,
    "Triggers": [
    ],
    "Execution Time": 31.274
  }
]
